<?xml version="1.0" encoding="UTF-8"?>
<!-- Generated by org.testng.reporters.JUnitReportReporter -->
<testsuite hostname="LAPTOP-1UNUKR91" failures="0" tests="1" name="testcases.BeforeAfterclassandmethod" time="0.005" errors="0" timestamp="2024-08-07T07:58:31 IST" skipped="0">
  <testcase classname="testcases.BeforeAfterclassandmethod" name="add" time="0.005"/>
  <system-out/>
</testsuite> <!-- testcases.BeforeAfterclassandmethod -->
