<?xml version="1.0" encoding="UTF-8"?>
<!-- Generated by org.testng.reporters.JUnitReportReporter -->
<testsuite hostname="LAPTOP-1UNUKR91" failures="0" tests="1" name="testcases.Form" time="6.642" errors="0" timestamp="2024-08-08T07:36:43 IST" skipped="0">
  <testcase classname="testcases.Form" name="forms" time="6.642"/>
  <system-out/>
</testsuite> <!-- testcases.Form -->
