<?xml version="1.0" encoding="UTF-8"?>
<!-- Generated by org.testng.reporters.JUnitReportReporter -->
<testsuite hostname="LAPTOP-1UNUKR91" failures="0" tests="1" name="testscript.InputFormpagetest" time="4.594" errors="0" timestamp="2024-08-09T07:53:16 IST" skipped="0">
  <testcase classname="testscript.InputFormpagetest" name="sumOfTwoValues" time="4.594"/>
  <system-out/>
</testsuite> <!-- testscript.InputFormpagetest -->
