<?xml version="1.0" encoding="UTF-8"?>
<!-- Generated by org.testng.reporters.JUnitReportReporter -->
<testsuite hostname="LAPTOP-1UNUKR91" failures="0" tests="1" name="testcases.BeforeAfterTest" time="0.004" errors="0" timestamp="2024-08-07T07:53:31 IST" skipped="0">
  <testcase classname="testcases.BeforeAfterTest" name="add" time="0.004"/>
  <system-out/>
</testsuite> <!-- testcases.BeforeAfterTest -->
