<?xml version="1.0" encoding="UTF-8"?>
<!-- Generated by org.testng.reporters.JUnitReportReporter -->
<testsuite hostname="LAPTOP-1UNUKR91" failures="0" tests="3" name="testcases.NewTest" time="0.011" errors="0" timestamp="2024-08-08T07:10:32 IST" skipped="0">
  <testcase classname="testcases.NewTest" name="show" time="0.009"/>
  <system-out/>
  <testcase classname="testcases.NewTest" name="shows" time="0.001"/>
  <system-out/>
  <testcase classname="testcases.NewTest" name="display" time="0.001"/>
  <system-out/>
</testsuite> <!-- testcases.NewTest -->
