<?xml version="1.0" encoding="UTF-8"?>
<!-- Generated by org.testng.reporters.JUnitReportReporter -->
<testsuite hostname="LAPTOP-1UNUKR91" failures="0" tests="2" name="testcases.Annotations" time="0.009" errors="0" timestamp="2024-08-07T07:45:17 IST" skipped="0">
  <testcase classname="testcases.Annotations" name="show" time="0.008"/>
  <system-out/>
  <testcase classname="testcases.Annotations" name="shows" time="0.001"/>
  <system-out/>
</testsuite> <!-- testcases.Annotations -->
